[INFO ] 2019-09-24 13:05:00,880 [repositories/sdgs-data | slow-queries] Query executed successfully: 208360ms
<?xml version='1.0'?>
<query includeInferred='true' maxExecutionTime='0'>
	<body>
PREFIX dct: &lt;http://purl.org/dc/terms/&gt;
PREFIX skos: &lt;http://www.w3.org/2004/02/skos/core#&gt;
SELECT DISTINCT ?id ?label ?lang where {
    
        [] dct:subject ?keyword .
    

    GRAPH &lt;http://data.un.org/concepts/sdg&gt; {
        ?target skos:exactMatch ?keyword .
    }
    
    GRAPH &lt;http://data.un.org/concepts/sdg/extracted&gt; {
        ?id skos:broader* ?target.            
    }

    GRAPH &lt;http://data.un.org/concepts/sdg&gt; {
        ?id skos:exactMatch ?source
    }
     
        
    {
        {
            ?source skos:prefLabel ?prefLabel .
            FILTER(lang(?prefLabel) in ("en", "fr", "es", "ru", "ar", "zh")) 
            BIND (lcase(str(?prefLabel)) as ?label)
            BIND (lang(?prefLabel) as ?lang)
        }
        UNION
        {
            ?source skos:altLabel ?altLabel .
            FILTER(lang(?altLabel) in ("en", "fr", "es", "ru", "ar", "zh"))
            BIND (lcase(str(?altLabel)) as ?label)
            BIND (lang(?altLabel) as ?lang)
        }
    }
}
</body>
</query>

[INFO ] 2019-09-24 13:19:30,007 [repositories/sdgs-data | slow-queries] Query executed successfully: 204154ms
<?xml version='1.0'?>
<query includeInferred='true' maxExecutionTime='0'>
	<body>
PREFIX dct: &lt;http://purl.org/dc/terms/&gt;
PREFIX skos: &lt;http://www.w3.org/2004/02/skos/core#&gt;
SELECT DISTINCT ?id ?label ?lang where {
    
        [] dct:subject ?keyword .
    

    GRAPH &lt;http://data.un.org/concepts/sdg&gt; {
        ?target skos:exactMatch ?keyword .
    }
    
    GRAPH &lt;http://data.un.org/concepts/sdg/extracted&gt; {
        ?id skos:broader* ?target.            
    }

    GRAPH &lt;http://data.un.org/concepts/sdg&gt; {
        ?id skos:exactMatch ?source
    }
     
        
    {
        {
            ?source skos:prefLabel ?prefLabel .
            FILTER(lang(?prefLabel) in ("en", "fr", "es", "ru", "ar", "zh")) 
            BIND (lcase(str(?prefLabel)) as ?label)
            BIND (lang(?prefLabel) as ?lang)
        }
        UNION
        {
            ?source skos:altLabel ?altLabel .
            FILTER(lang(?altLabel) in ("en", "fr", "es", "ru", "ar", "zh"))
            BIND (lcase(str(?altLabel)) as ?label)
            BIND (lang(?altLabel) as ?lang)
        }
    }
}
</body>
</query>

[INFO ] 2019-09-24 14:07:37,874 [repositories/sdgs-data | slow-queries] Query executed successfully: 115832ms
<?xml version='1.0'?>
<query includeInferred='true' maxExecutionTime='0'>
	<body>
PREFIX dct: &lt;http://purl.org/dc/terms/&gt;
PREFIX skos: &lt;http://www.w3.org/2004/02/skos/core#&gt;
SELECT DISTINCT ?id ?label ?lang where {
    
        [] dct:subject ?keyword .
    

    GRAPH &lt;http://data.un.org/concepts/sdg&gt; {
        ?target skos:exactMatch ?keyword .
    }
    
    GRAPH &lt;http://data.un.org/concepts/sdg/extracted&gt; {
        ?id skos:broader* ?target.            
    }

    GRAPH &lt;http://data.un.org/concepts/sdg&gt; {
        ?id skos:exactMatch ?source
    }
     
        
    {
        {
            ?source skos:prefLabel ?prefLabel .
            FILTER(lang(?prefLabel) in ("en", "fr", "es", "ru", "ar", "zh")) 
            BIND (lcase(str(?prefLabel)) as ?label)
            BIND (lang(?prefLabel) as ?lang)
        }
        UNION
        {
            ?source skos:altLabel ?altLabel .
            FILTER(lang(?altLabel) in ("en", "fr", "es", "ru", "ar", "zh"))
            BIND (lcase(str(?altLabel)) as ?label)
            BIND (lang(?altLabel) as ?lang)
        }
    }
}
</body>
</query>

[INFO ] 2019-09-24 18:35:16,432 [repositories/sdgs-data | slow-queries] Query executed successfully: 121144ms
<?xml version='1.0'?>
<query includeInferred='true' maxExecutionTime='0'>
	<body>
PREFIX dct: &lt;http://purl.org/dc/terms/&gt;
PREFIX skos: &lt;http://www.w3.org/2004/02/skos/core#&gt;
SELECT DISTINCT ?id ?label ?lang where {
    
        [] dct:subject ?keyword .
    

    GRAPH &lt;http://data.un.org/concepts/sdg&gt; {
        ?target skos:exactMatch ?keyword .
    }
    
    GRAPH &lt;http://data.un.org/concepts/sdg/extracted&gt; {
        ?id skos:broader* ?target.            
    }

    GRAPH &lt;http://data.un.org/concepts/sdg&gt; {
        ?id skos:exactMatch ?source
    }
     
        
    {
        {
            ?source skos:prefLabel ?prefLabel .
            FILTER(lang(?prefLabel) in ("en", "fr", "es", "ru", "ar", "zh")) 
            BIND (lcase(str(?prefLabel)) as ?label)
            BIND (lang(?prefLabel) as ?lang)
        }
        UNION
        {
            ?source skos:altLabel ?altLabel .
            FILTER(lang(?altLabel) in ("en", "fr", "es", "ru", "ar", "zh"))
            BIND (lcase(str(?altLabel)) as ?label)
            BIND (lang(?altLabel) as ?lang)
        }
    }
}
</body>
</query>

